{"/Users/joaofiliperocha/Desktop/Trabalhos/MoviesWebsite/src/App.tsx": {"path":"/Users/joaofiliperocha/Desktop/Trabalhos/MoviesWebsite/src/App.tsx","all":true,"statementMap":{"0":{"start":{"line":1,"column":0},"end":{"line":1,"column":19}},"1":{"start":{"line":2,"column":0},"end":{"line":2,"column":48}},"2":{"start":{"line":3,"column":0},"end":{"line":3,"column":31}},"3":{"start":{"line":4,"column":0},"end":{"line":4,"column":48}},"5":{"start":{"line":6,"column":0},"end":{"line":6,"column":16}},"6":{"start":{"line":7,"column":0},"end":{"line":7,"column":10}},"7":{"start":{"line":8,"column":0},"end":{"line":8,"column":12}},"8":{"start":{"line":9,"column":0},"end":{"line":9,"column":43}},"9":{"start":{"line":10,"column":0},"end":{"line":10,"column":42}},"10":{"start":{"line":11,"column":0},"end":{"line":11,"column":14}},"11":{"start":{"line":12,"column":0},"end":{"line":12,"column":13}},"13":{"start":{"line":14,"column":0},"end":{"line":14,"column":1}},"15":{"start":{"line":16,"column":0},"end":{"line":16,"column":18}}},"s":{"0":0,"1":0,"2":0,"3":0,"5":0,"6":0,"7":0,"8":0,"9":0,"10":0,"11":0,"13":0,"15":0},"branchMap":{"0":{"type":"branch","line":1,"loc":{"start":{"line":1,"column":334},"end":{"line":16,"column":18}},"locations":[{"start":{"line":1,"column":334},"end":{"line":16,"column":18}}]}},"b":{"0":[0]},"fnMap":{"0":{"name":"(empty-report)","decl":{"start":{"line":1,"column":334},"end":{"line":16,"column":18}},"loc":{"start":{"line":1,"column":334},"end":{"line":16,"column":18}},"line":1}},"f":{"0":0}}
,"/Users/joaofiliperocha/Desktop/Trabalhos/MoviesWebsite/src/main.tsx": {"path":"/Users/joaofiliperocha/Desktop/Trabalhos/MoviesWebsite/src/main.tsx","all":true,"statementMap":{"0":{"start":{"line":1,"column":0},"end":{"line":1,"column":34}},"1":{"start":{"line":2,"column":0},"end":{"line":2,"column":45}},"2":{"start":{"line":3,"column":0},"end":{"line":3,"column":20}},"3":{"start":{"line":4,"column":0},"end":{"line":4,"column":27}},"4":{"start":{"line":5,"column":0},"end":{"line":5,"column":48}},"6":{"start":{"line":7,"column":0},"end":{"line":7,"column":52}},"7":{"start":{"line":8,"column":0},"end":{"line":8,"column":14}},"8":{"start":{"line":9,"column":0},"end":{"line":9,"column":19}},"9":{"start":{"line":10,"column":0},"end":{"line":10,"column":13}},"10":{"start":{"line":11,"column":0},"end":{"line":11,"column":20}},"11":{"start":{"line":12,"column":0},"end":{"line":12,"column":16}},"12":{"start":{"line":13,"column":0},"end":{"line":13,"column":1}}},"s":{"0":0,"1":0,"2":0,"3":0,"4":0,"6":0,"7":0,"8":0,"9":0,"10":0,"11":0,"12":0},"branchMap":{"0":{"type":"branch","line":1,"loc":{"start":{"line":1,"column":274},"end":{"line":13,"column":-240}},"locations":[{"start":{"line":1,"column":274},"end":{"line":13,"column":-240}}]}},"b":{"0":[0]},"fnMap":{"0":{"name":"(empty-report)","decl":{"start":{"line":1,"column":274},"end":{"line":13,"column":-240}},"loc":{"start":{"line":1,"column":274},"end":{"line":13,"column":-240}},"line":1}},"f":{"0":0}}
,"/Users/joaofiliperocha/Desktop/Trabalhos/MoviesWebsite/src/server.tsx": {"path":"/Users/joaofiliperocha/Desktop/Trabalhos/MoviesWebsite/src/server.tsx","all":false,"statementMap":{"0":{"start":{"line":1,"column":0},"end":{"line":1,"column":50}},"2":{"start":{"line":3,"column":0},"end":{"line":3,"column":66}},"3":{"start":{"line":4,"column":0},"end":{"line":4,"column":29}},"4":{"start":{"line":5,"column":0},"end":{"line":5,"column":20}},"5":{"start":{"line":6,"column":0},"end":{"line":6,"column":17}},"6":{"start":{"line":7,"column":0},"end":{"line":7,"column":24}},"7":{"start":{"line":8,"column":0},"end":{"line":8,"column":10}},"9":{"start":{"line":10,"column":0},"end":{"line":10,"column":20}},"10":{"start":{"line":11,"column":0},"end":{"line":11,"column":35}},"11":{"start":{"line":12,"column":0},"end":{"line":12,"column":34}},"12":{"start":{"line":13,"column":0},"end":{"line":13,"column":44}},"13":{"start":{"line":14,"column":0},"end":{"line":14,"column":18}},"14":{"start":{"line":15,"column":0},"end":{"line":15,"column":31}},"15":{"start":{"line":16,"column":0},"end":{"line":16,"column":29}},"16":{"start":{"line":17,"column":0},"end":{"line":17,"column":18}},"17":{"start":{"line":18,"column":0},"end":{"line":18,"column":44}},"18":{"start":{"line":19,"column":0},"end":{"line":19,"column":32}},"19":{"start":{"line":20,"column":0},"end":{"line":20,"column":50}},"20":{"start":{"line":21,"column":0},"end":{"line":21,"column":28}},"21":{"start":{"line":22,"column":0},"end":{"line":22,"column":36}},"22":{"start":{"line":23,"column":0},"end":{"line":23,"column":14}},"23":{"start":{"line":24,"column":0},"end":{"line":24,"column":10}},"25":{"start":{"line":26,"column":0},"end":{"line":26,"column":28}},"26":{"start":{"line":27,"column":0},"end":{"line":27,"column":37}},"27":{"start":{"line":28,"column":0},"end":{"line":28,"column":36}},"28":{"start":{"line":29,"column":0},"end":{"line":29,"column":24}},"29":{"start":{"line":30,"column":0},"end":{"line":30,"column":47}},"30":{"start":{"line":31,"column":0},"end":{"line":31,"column":33}},"31":{"start":{"line":32,"column":0},"end":{"line":32,"column":46}},"32":{"start":{"line":33,"column":0},"end":{"line":33,"column":28}},"33":{"start":{"line":34,"column":0},"end":{"line":34,"column":36}},"34":{"start":{"line":35,"column":0},"end":{"line":35,"column":15}},"35":{"start":{"line":36,"column":0},"end":{"line":36,"column":37}},"36":{"start":{"line":37,"column":0},"end":{"line":37,"column":37}},"37":{"start":{"line":38,"column":0},"end":{"line":38,"column":25}},"38":{"start":{"line":39,"column":0},"end":{"line":39,"column":42}},"39":{"start":{"line":40,"column":0},"end":{"line":40,"column":33}},"40":{"start":{"line":41,"column":0},"end":{"line":41,"column":47}},"41":{"start":{"line":42,"column":0},"end":{"line":42,"column":28}},"42":{"start":{"line":43,"column":0},"end":{"line":43,"column":36}},"43":{"start":{"line":44,"column":0},"end":{"line":44,"column":15}},"44":{"start":{"line":45,"column":0},"end":{"line":45,"column":10}},"46":{"start":{"line":47,"column":0},"end":{"line":47,"column":18}},"47":{"start":{"line":48,"column":0},"end":{"line":48,"column":85}},"48":{"start":{"line":49,"column":0},"end":{"line":49,"column":43}},"49":{"start":{"line":50,"column":0},"end":{"line":50,"column":15}},"51":{"start":{"line":52,"column":0},"end":{"line":52,"column":98}},"52":{"start":{"line":53,"column":0},"end":{"line":53,"column":56}},"54":{"start":{"line":55,"column":0},"end":{"line":55,"column":61}},"55":{"start":{"line":56,"column":0},"end":{"line":56,"column":71}},"56":{"start":{"line":57,"column":0},"end":{"line":57,"column":82}},"57":{"start":{"line":58,"column":0},"end":{"line":58,"column":18}},"59":{"start":{"line":60,"column":0},"end":{"line":60,"column":24}},"60":{"start":{"line":61,"column":0},"end":{"line":61,"column":43}},"61":{"start":{"line":62,"column":0},"end":{"line":62,"column":18}},"62":{"start":{"line":63,"column":0},"end":{"line":63,"column":15}},"63":{"start":{"line":64,"column":0},"end":{"line":64,"column":9}},"64":{"start":{"line":65,"column":0},"end":{"line":65,"column":7}},"66":{"start":{"line":67,"column":0},"end":{"line":67,"column":18}},"67":{"start":{"line":68,"column":0},"end":{"line":68,"column":1}}},"s":{"0":1,"2":1,"3":4,"4":4,"5":4,"6":4,"7":4,"9":4,"10":4,"11":4,"12":6,"13":6,"14":4,"15":6,"16":6,"17":4,"18":4,"19":4,"20":4,"21":4,"22":4,"23":4,"25":4,"26":0,"27":0,"28":0,"29":0,"30":0,"31":0,"32":0,"33":0,"34":0,"35":0,"36":0,"37":0,"38":0,"39":0,"40":0,"41":0,"42":0,"43":0,"44":0,"46":4,"47":4,"48":0,"49":4,"51":4,"52":1,"54":1,"55":1,"56":3,"57":1,"59":1,"60":1,"61":1,"62":4,"63":4,"64":4,"66":4,"67":4},"branchMap":{"0":{"type":"branch","line":3,"loc":{"start":{"line":3,"column":7},"end":{"line":68,"column":1}},"locations":[{"start":{"line":3,"column":7},"end":{"line":68,"column":1}}]},"1":{"type":"branch","line":12,"loc":{"start":{"line":12,"column":16},"end":{"line":14,"column":18}},"locations":[{"start":{"line":12,"column":16},"end":{"line":14,"column":18}}]},"2":{"type":"branch","line":15,"loc":{"start":{"line":15,"column":16},"end":{"line":17,"column":18}},"locations":[{"start":{"line":15,"column":16},"end":{"line":17,"column":18}}]},"3":{"type":"branch","line":47,"loc":{"start":{"line":47,"column":8},"end":{"line":64,"column":9}},"locations":[{"start":{"line":47,"column":8},"end":{"line":64,"column":9}}]},"4":{"type":"branch","line":52,"loc":{"start":{"line":52,"column":66},"end":{"line":63,"column":13}},"locations":[{"start":{"line":52,"column":66},"end":{"line":63,"column":13}}]},"5":{"type":"branch","line":56,"loc":{"start":{"line":56,"column":56},"end":{"line":57,"column":82}},"locations":[{"start":{"line":56,"column":56},"end":{"line":57,"column":82}}]},"6":{"type":"branch","line":57,"loc":{"start":{"line":57,"column":74},"end":{"line":57,"column":81}},"locations":[{"start":{"line":57,"column":74},"end":{"line":57,"column":81}}]}},"b":{"0":[4],"1":[6],"2":[6],"3":[4],"4":[1],"5":[3],"6":[0]},"fnMap":{"0":{"name":"makeServer","decl":{"start":{"line":3,"column":7},"end":{"line":68,"column":1}},"loc":{"start":{"line":3,"column":7},"end":{"line":68,"column":1}},"line":3},"1":{"name":"title","decl":{"start":{"line":12,"column":16},"end":{"line":14,"column":18}},"loc":{"start":{"line":12,"column":16},"end":{"line":14,"column":18}},"line":12},"2":{"name":"id","decl":{"start":{"line":15,"column":16},"end":{"line":17,"column":18}},"loc":{"start":{"line":15,"column":16},"end":{"line":17,"column":18}},"line":15},"3":{"name":"seeds","decl":{"start":{"line":26,"column":8},"end":{"line":45,"column":10}},"loc":{"start":{"line":26,"column":8},"end":{"line":45,"column":10}},"line":26},"4":{"name":"routes","decl":{"start":{"line":47,"column":8},"end":{"line":64,"column":9}},"loc":{"start":{"line":47,"column":8},"end":{"line":64,"column":9}},"line":47}},"f":{"0":4,"1":6,"2":6,"3":0,"4":4}}
,"/Users/joaofiliperocha/Desktop/Trabalhos/MoviesWebsite/src/components/DisplayMovie/DisplayMovie.tsx": {"path":"/Users/joaofiliperocha/Desktop/Trabalhos/MoviesWebsite/src/components/DisplayMovie/DisplayMovie.tsx","all":true,"statementMap":{"0":{"start":{"line":1,"column":0},"end":{"line":1,"column":75}},"2":{"start":{"line":3,"column":0},"end":{"line":3,"column":44}},"3":{"start":{"line":4,"column":0},"end":{"line":4,"column":66}},"4":{"start":{"line":5,"column":0},"end":{"line":5,"column":29}},"5":{"start":{"line":6,"column":0},"end":{"line":6,"column":40}},"6":{"start":{"line":7,"column":0},"end":{"line":7,"column":54}},"8":{"start":{"line":9,"column":0},"end":{"line":9,"column":28}},"9":{"start":{"line":10,"column":0},"end":{"line":10,"column":48}},"11":{"start":{"line":12,"column":0},"end":{"line":12,"column":21}},"12":{"start":{"line":13,"column":0},"end":{"line":13,"column":39}},"13":{"start":{"line":14,"column":0},"end":{"line":14,"column":61}},"14":{"start":{"line":15,"column":0},"end":{"line":15,"column":64}},"17":{"start":{"line":18,"column":0},"end":{"line":18,"column":60}},"18":{"start":{"line":19,"column":0},"end":{"line":19,"column":83}},"19":{"start":{"line":20,"column":0},"end":{"line":20,"column":76}},"21":{"start":{"line":22,"column":0},"end":{"line":22,"column":29}},"22":{"start":{"line":23,"column":0},"end":{"line":23,"column":72}},"24":{"start":{"line":25,"column":0},"end":{"line":25,"column":42}},"25":{"start":{"line":26,"column":0},"end":{"line":26,"column":13}},"26":{"start":{"line":27,"column":0},"end":{"line":27,"column":10}},"28":{"start":{"line":29,"column":0},"end":{"line":29,"column":20}},"29":{"start":{"line":30,"column":0},"end":{"line":30,"column":11}},"32":{"start":{"line":33,"column":0},"end":{"line":33,"column":12}},"33":{"start":{"line":34,"column":0},"end":{"line":34,"column":43}},"34":{"start":{"line":35,"column":0},"end":{"line":35,"column":22}},"35":{"start":{"line":36,"column":0},"end":{"line":36,"column":48}},"36":{"start":{"line":37,"column":0},"end":{"line":37,"column":60}},"37":{"start":{"line":38,"column":0},"end":{"line":38,"column":28}},"38":{"start":{"line":39,"column":0},"end":{"line":39,"column":98}},"39":{"start":{"line":40,"column":0},"end":{"line":40,"column":56}},"40":{"start":{"line":41,"column":0},"end":{"line":41,"column":60}},"41":{"start":{"line":42,"column":0},"end":{"line":42,"column":26}},"43":{"start":{"line":44,"column":0},"end":{"line":44,"column":71}},"44":{"start":{"line":45,"column":0},"end":{"line":45,"column":91}},"45":{"start":{"line":46,"column":0},"end":{"line":46,"column":77}},"46":{"start":{"line":47,"column":0},"end":{"line":47,"column":59}},"47":{"start":{"line":48,"column":0},"end":{"line":48,"column":35}},"48":{"start":{"line":49,"column":0},"end":{"line":49,"column":66}},"49":{"start":{"line":50,"column":0},"end":{"line":50,"column":52}},"50":{"start":{"line":51,"column":0},"end":{"line":51,"column":36}},"51":{"start":{"line":52,"column":0},"end":{"line":52,"column":38}},"53":{"start":{"line":54,"column":0},"end":{"line":54,"column":95}},"56":{"start":{"line":57,"column":0},"end":{"line":57,"column":37}},"57":{"start":{"line":58,"column":0},"end":{"line":58,"column":29}},"58":{"start":{"line":59,"column":0},"end":{"line":59,"column":23}},"60":{"start":{"line":61,"column":0},"end":{"line":61,"column":33}},"62":{"start":{"line":63,"column":0},"end":{"line":63,"column":18}},"64":{"start":{"line":65,"column":0},"end":{"line":65,"column":1}},"66":{"start":{"line":67,"column":0},"end":{"line":67,"column":28}}},"s":{"0":0,"2":0,"3":0,"4":0,"5":0,"6":0,"8":0,"9":0,"11":0,"12":0,"13":0,"14":0,"17":0,"18":0,"19":0,"21":0,"22":0,"24":0,"25":0,"26":0,"28":0,"29":0,"32":0,"33":0,"34":0,"35":0,"36":0,"37":0,"38":0,"39":0,"40":0,"41":0,"43":0,"44":0,"45":0,"46":0,"47":0,"48":0,"49":0,"50":0,"51":0,"53":0,"56":0,"57":0,"58":0,"60":0,"62":0,"64":0,"66":0},"branchMap":{"0":{"type":"branch","line":1,"loc":{"start":{"line":1,"column":2433},"end":{"line":67,"column":28}},"locations":[{"start":{"line":1,"column":2433},"end":{"line":67,"column":28}}]}},"b":{"0":[0]},"fnMap":{"0":{"name":"(empty-report)","decl":{"start":{"line":1,"column":2433},"end":{"line":67,"column":28}},"loc":{"start":{"line":1,"column":2433},"end":{"line":67,"column":28}},"line":1}},"f":{"0":0}}
,"/Users/joaofiliperocha/Desktop/Trabalhos/MoviesWebsite/src/components/Footer/Footer.tsx": {"path":"/Users/joaofiliperocha/Desktop/Trabalhos/MoviesWebsite/src/components/Footer/Footer.tsx","all":true,"statementMap":{"0":{"start":{"line":1,"column":0},"end":{"line":1,"column":23}},"2":{"start":{"line":3,"column":0},"end":{"line":3,"column":22}},"3":{"start":{"line":4,"column":0},"end":{"line":4,"column":12}},"4":{"start":{"line":5,"column":0},"end":{"line":5,"column":31}},"5":{"start":{"line":6,"column":0},"end":{"line":6,"column":37}},"6":{"start":{"line":7,"column":0},"end":{"line":7,"column":21}},"7":{"start":{"line":8,"column":0},"end":{"line":8,"column":35}},"8":{"start":{"line":9,"column":0},"end":{"line":9,"column":20}},"9":{"start":{"line":10,"column":0},"end":{"line":10,"column":49}},"10":{"start":{"line":11,"column":0},"end":{"line":11,"column":59}},"11":{"start":{"line":12,"column":0},"end":{"line":12,"column":21}},"12":{"start":{"line":13,"column":0},"end":{"line":13,"column":22}},"14":{"start":{"line":15,"column":0},"end":{"line":15,"column":21}},"15":{"start":{"line":16,"column":0},"end":{"line":16,"column":32}},"16":{"start":{"line":17,"column":0},"end":{"line":17,"column":20}},"17":{"start":{"line":18,"column":0},"end":{"line":18,"column":66}},"18":{"start":{"line":19,"column":0},"end":{"line":19,"column":66}},"19":{"start":{"line":20,"column":0},"end":{"line":20,"column":21}},"20":{"start":{"line":21,"column":0},"end":{"line":21,"column":22}},"22":{"start":{"line":23,"column":0},"end":{"line":23,"column":14}},"25":{"start":{"line":26,"column":0},"end":{"line":26,"column":42}},"26":{"start":{"line":27,"column":0},"end":{"line":27,"column":71}},"27":{"start":{"line":28,"column":0},"end":{"line":28,"column":18}},"29":{"start":{"line":30,"column":0},"end":{"line":30,"column":79}},"30":{"start":{"line":31,"column":0},"end":{"line":31,"column":13}},"32":{"start":{"line":33,"column":0},"end":{"line":33,"column":1}},"34":{"start":{"line":35,"column":0},"end":{"line":35,"column":22}}},"s":{"0":0,"2":0,"3":0,"4":0,"5":0,"6":0,"7":0,"8":0,"9":0,"10":0,"11":0,"12":0,"14":0,"15":0,"16":0,"17":0,"18":0,"19":0,"20":0,"22":0,"25":0,"26":0,"27":0,"29":0,"30":0,"32":0,"34":0},"branchMap":{"0":{"type":"branch","line":1,"loc":{"start":{"line":1,"column":899},"end":{"line":35,"column":22}},"locations":[{"start":{"line":1,"column":899},"end":{"line":35,"column":22}}]}},"b":{"0":[0]},"fnMap":{"0":{"name":"(empty-report)","decl":{"start":{"line":1,"column":899},"end":{"line":35,"column":22}},"loc":{"start":{"line":1,"column":899},"end":{"line":35,"column":22}},"line":1}},"f":{"0":0}}
,"/Users/joaofiliperocha/Desktop/Trabalhos/MoviesWebsite/src/components/Header/Header.tsx": {"path":"/Users/joaofiliperocha/Desktop/Trabalhos/MoviesWebsite/src/components/Header/Header.tsx","all":true,"statementMap":{"0":{"start":{"line":1,"column":0},"end":{"line":1,"column":38}},"1":{"start":{"line":2,"column":0},"end":{"line":2,"column":23}},"2":{"start":{"line":3,"column":0},"end":{"line":3,"column":40}},"4":{"start":{"line":5,"column":0},"end":{"line":5,"column":22}},"5":{"start":{"line":6,"column":0},"end":{"line":6,"column":12}},"6":{"start":{"line":7,"column":0},"end":{"line":7,"column":16}},"7":{"start":{"line":8,"column":0},"end":{"line":8,"column":52}},"8":{"start":{"line":9,"column":0},"end":{"line":9,"column":66}},"9":{"start":{"line":10,"column":0},"end":{"line":10,"column":155}},"10":{"start":{"line":11,"column":0},"end":{"line":11,"column":1844}},"11":{"start":{"line":12,"column":0},"end":{"line":12,"column":26}},"12":{"start":{"line":13,"column":0},"end":{"line":13,"column":42}},"13":{"start":{"line":14,"column":0},"end":{"line":14,"column":23}},"14":{"start":{"line":15,"column":0},"end":{"line":15,"column":18}},"16":{"start":{"line":17,"column":0},"end":{"line":17,"column":55}},"17":{"start":{"line":18,"column":0},"end":{"line":18,"column":149}},"18":{"start":{"line":19,"column":0},"end":{"line":19,"column":279}},"19":{"start":{"line":20,"column":0},"end":{"line":20,"column":22}},"20":{"start":{"line":21,"column":0},"end":{"line":21,"column":18}},"22":{"start":{"line":23,"column":0},"end":{"line":23,"column":44}},"23":{"start":{"line":24,"column":0},"end":{"line":24,"column":104}},"24":{"start":{"line":25,"column":0},"end":{"line":25,"column":18}},"27":{"start":{"line":28,"column":0},"end":{"line":28,"column":18}},"29":{"start":{"line":30,"column":0},"end":{"line":30,"column":1}},"31":{"start":{"line":32,"column":0},"end":{"line":32,"column":22}}},"s":{"0":0,"1":0,"2":0,"4":0,"5":0,"6":0,"7":0,"8":0,"9":0,"10":0,"11":0,"12":0,"13":0,"14":0,"16":0,"17":0,"18":0,"19":0,"20":0,"22":0,"23":0,"24":0,"27":0,"29":0,"31":0},"branchMap":{"0":{"type":"branch","line":1,"loc":{"start":{"line":1,"column":3143},"end":{"line":32,"column":22}},"locations":[{"start":{"line":1,"column":3143},"end":{"line":32,"column":22}}]}},"b":{"0":[0]},"fnMap":{"0":{"name":"(empty-report)","decl":{"start":{"line":1,"column":3143},"end":{"line":32,"column":22}},"loc":{"start":{"line":1,"column":3143},"end":{"line":32,"column":22}},"line":1}},"f":{"0":0}}
,"/Users/joaofiliperocha/Desktop/Trabalhos/MoviesWebsite/src/components/Layout/Layout.tsx": {"path":"/Users/joaofiliperocha/Desktop/Trabalhos/MoviesWebsite/src/components/Layout/Layout.tsx","all":true,"statementMap":{"0":{"start":{"line":1,"column":0},"end":{"line":1,"column":42}},"1":{"start":{"line":2,"column":0},"end":{"line":2,"column":38}},"2":{"start":{"line":3,"column":0},"end":{"line":3,"column":38}},"3":{"start":{"line":4,"column":0},"end":{"line":4,"column":23}},"5":{"start":{"line":6,"column":0},"end":{"line":6,"column":19}},"6":{"start":{"line":7,"column":0},"end":{"line":7,"column":12}},"7":{"start":{"line":8,"column":0},"end":{"line":8,"column":30}},"8":{"start":{"line":9,"column":0},"end":{"line":9,"column":22}},"9":{"start":{"line":10,"column":0},"end":{"line":10,"column":22}},"10":{"start":{"line":11,"column":0},"end":{"line":11,"column":22}},"11":{"start":{"line":12,"column":0},"end":{"line":12,"column":14}},"13":{"start":{"line":14,"column":0},"end":{"line":14,"column":1}},"15":{"start":{"line":16,"column":0},"end":{"line":16,"column":22}}},"s":{"0":0,"1":0,"2":0,"3":0,"5":0,"6":0,"7":0,"8":0,"9":0,"10":0,"11":0,"13":0,"15":0},"branchMap":{"0":{"type":"branch","line":1,"loc":{"start":{"line":1,"column":326},"end":{"line":16,"column":22}},"locations":[{"start":{"line":1,"column":326},"end":{"line":16,"column":22}}]}},"b":{"0":[0]},"fnMap":{"0":{"name":"(empty-report)","decl":{"start":{"line":1,"column":326},"end":{"line":16,"column":22}},"loc":{"start":{"line":1,"column":326},"end":{"line":16,"column":22}},"line":1}},"f":{"0":0}}
,"/Users/joaofiliperocha/Desktop/Trabalhos/MoviesWebsite/src/components/MovieCard/MovieCard.tsx": {"path":"/Users/joaofiliperocha/Desktop/Trabalhos/MoviesWebsite/src/components/MovieCard/MovieCard.tsx","all":true,"statementMap":{"2":{"start":{"line":3,"column":0},"end":{"line":3,"column":51}},"3":{"start":{"line":4,"column":0},"end":{"line":4,"column":11}},"4":{"start":{"line":5,"column":0},"end":{"line":5,"column":17}},"5":{"start":{"line":6,"column":0},"end":{"line":6,"column":26}},"6":{"start":{"line":7,"column":0},"end":{"line":7,"column":18}},"8":{"start":{"line":9,"column":0},"end":{"line":9,"column":1}},"10":{"start":{"line":11,"column":0},"end":{"line":11,"column":25}}},"s":{"2":0,"3":0,"4":0,"5":0,"6":0,"8":0,"10":0},"branchMap":{"0":{"type":"branch","line":1,"loc":{"start":{"line":1,"column":212},"end":{"line":11,"column":25}},"locations":[{"start":{"line":1,"column":212},"end":{"line":11,"column":25}}]}},"b":{"0":[1]},"fnMap":{"0":{"name":"(empty-report)","decl":{"start":{"line":1,"column":212},"end":{"line":11,"column":25}},"loc":{"start":{"line":1,"column":212},"end":{"line":11,"column":25}},"line":1}},"f":{"0":1}}
,"/Users/joaofiliperocha/Desktop/Trabalhos/MoviesWebsite/src/components/Search/Search.tsx": {"path":"/Users/joaofiliperocha/Desktop/Trabalhos/MoviesWebsite/src/components/Search/Search.tsx","all":false,"statementMap":{"0":{"start":{"line":1,"column":0},"end":{"line":1,"column":52}},"1":{"start":{"line":2,"column":0},"end":{"line":2,"column":23}},"2":{"start":{"line":3,"column":0},"end":{"line":3,"column":61}},"4":{"start":{"line":5,"column":0},"end":{"line":5,"column":52}},"5":{"start":{"line":6,"column":0},"end":{"line":6,"column":55}},"6":{"start":{"line":7,"column":0},"end":{"line":7,"column":34}},"7":{"start":{"line":8,"column":0},"end":{"line":8,"column":47}},"8":{"start":{"line":9,"column":0},"end":{"line":9,"column":60}},"19":{"start":{"line":20,"column":0},"end":{"line":20,"column":90}},"20":{"start":{"line":21,"column":0},"end":{"line":21,"column":57}},"21":{"start":{"line":22,"column":0},"end":{"line":22,"column":63}},"23":{"start":{"line":24,"column":0},"end":{"line":24,"column":54}},"24":{"start":{"line":25,"column":0},"end":{"line":25,"column":52}},"25":{"start":{"line":26,"column":0},"end":{"line":26,"column":60}},"26":{"start":{"line":27,"column":0},"end":{"line":27,"column":35}},"32":{"start":{"line":33,"column":0},"end":{"line":33,"column":21}},"34":{"start":{"line":35,"column":0},"end":{"line":35,"column":68}},"35":{"start":{"line":36,"column":0},"end":{"line":36,"column":49}},"36":{"start":{"line":37,"column":0},"end":{"line":37,"column":44}},"37":{"start":{"line":38,"column":0},"end":{"line":38,"column":27}},"38":{"start":{"line":39,"column":0},"end":{"line":39,"column":29}},"39":{"start":{"line":40,"column":0},"end":{"line":40,"column":16}},"41":{"start":{"line":42,"column":0},"end":{"line":42,"column":32}},"42":{"start":{"line":43,"column":0},"end":{"line":43,"column":38}},"44":{"start":{"line":45,"column":0},"end":{"line":45,"column":30}},"45":{"start":{"line":46,"column":0},"end":{"line":46,"column":23}},"46":{"start":{"line":47,"column":0},"end":{"line":47,"column":13}},"47":{"start":{"line":48,"column":0},"end":{"line":48,"column":35}},"48":{"start":{"line":49,"column":0},"end":{"line":49,"column":9}},"50":{"start":{"line":51,"column":0},"end":{"line":51,"column":22}},"51":{"start":{"line":52,"column":0},"end":{"line":52,"column":38}},"52":{"start":{"line":53,"column":0},"end":{"line":53,"column":9}},"53":{"start":{"line":54,"column":0},"end":{"line":54,"column":21}},"56":{"start":{"line":57,"column":0},"end":{"line":57,"column":12}},"57":{"start":{"line":58,"column":0},"end":{"line":58,"column":56}},"58":{"start":{"line":59,"column":0},"end":{"line":59,"column":31}},"59":{"start":{"line":60,"column":0},"end":{"line":60,"column":59}},"60":{"start":{"line":61,"column":0},"end":{"line":61,"column":37}},"61":{"start":{"line":62,"column":0},"end":{"line":62,"column":50}},"62":{"start":{"line":63,"column":0},"end":{"line":63,"column":18}},"63":{"start":{"line":64,"column":0},"end":{"line":64,"column":13}},"64":{"start":{"line":65,"column":0},"end":{"line":65,"column":11}},"66":{"start":{"line":67,"column":0},"end":{"line":67,"column":18}},"67":{"start":{"line":68,"column":0},"end":{"line":68,"column":49}},"68":{"start":{"line":69,"column":0},"end":{"line":69,"column":29}},"69":{"start":{"line":70,"column":0},"end":{"line":70,"column":29}},"70":{"start":{"line":71,"column":0},"end":{"line":71,"column":33}},"71":{"start":{"line":72,"column":0},"end":{"line":72,"column":41}},"72":{"start":{"line":73,"column":0},"end":{"line":73,"column":34}},"73":{"start":{"line":74,"column":0},"end":{"line":74,"column":54}},"74":{"start":{"line":75,"column":0},"end":{"line":75,"column":50}},"75":{"start":{"line":76,"column":0},"end":{"line":76,"column":21}},"77":{"start":{"line":78,"column":0},"end":{"line":78,"column":45}},"79":{"start":{"line":80,"column":0},"end":{"line":80,"column":18}},"80":{"start":{"line":81,"column":0},"end":{"line":81,"column":76}},"81":{"start":{"line":82,"column":0},"end":{"line":82,"column":53}},"82":{"start":{"line":83,"column":0},"end":{"line":83,"column":30}},"84":{"start":{"line":85,"column":0},"end":{"line":85,"column":14}},"90":{"start":{"line":91,"column":0},"end":{"line":91,"column":77}},"91":{"start":{"line":92,"column":0},"end":{"line":92,"column":65}},"94":{"start":{"line":95,"column":0},"end":{"line":95,"column":16}},"97":{"start":{"line":98,"column":0},"end":{"line":98,"column":2}},"99":{"start":{"line":100,"column":0},"end":{"line":100,"column":22}}},"s":{"0":1,"1":1,"2":1,"4":1,"5":1,"6":1,"7":1,"8":1,"19":1,"20":11,"21":11,"23":11,"24":11,"25":11,"26":11,"32":11,"34":6,"35":1,"36":1,"37":1,"38":1,"39":6,"41":6,"42":6,"44":2,"45":2,"46":2,"47":4,"48":4,"50":4,"51":4,"52":4,"53":11,"56":11,"57":11,"58":0,"59":0,"60":0,"61":0,"62":0,"63":0,"64":0,"66":11,"67":11,"68":11,"69":11,"70":11,"71":11,"72":11,"73":2,"74":0,"75":0,"77":2,"79":2,"80":11,"81":11,"82":11,"84":11,"90":11,"91":1,"94":11,"97":11,"99":1},"branchMap":{"0":{"type":"branch","line":20,"loc":{"start":{"line":20,"column":15},"end":{"line":98,"column":2}},"locations":[{"start":{"line":20,"column":15},"end":{"line":98,"column":2}}]},"1":{"type":"branch","line":91,"loc":{"start":{"line":91,"column":38},"end":{"line":91,"column":77}},"locations":[{"start":{"line":91,"column":38},"end":{"line":91,"column":77}}]},"2":{"type":"branch","line":91,"loc":{"start":{"line":91,"column":70},"end":{"line":92,"column":65}},"locations":[{"start":{"line":91,"column":70},"end":{"line":92,"column":65}}]},"3":{"type":"branch","line":21,"loc":{"start":{"line":21,"column":33},"end":{"line":21,"column":55}},"locations":[{"start":{"line":21,"column":33},"end":{"line":21,"column":55}}]},"4":{"type":"branch","line":22,"loc":{"start":{"line":22,"column":36},"end":{"line":22,"column":61}},"locations":[{"start":{"line":22,"column":36},"end":{"line":22,"column":61}}]},"5":{"type":"branch","line":33,"loc":{"start":{"line":33,"column":14},"end":{"line":54,"column":7}},"locations":[{"start":{"line":33,"column":14},"end":{"line":54,"column":7}}]},"6":{"type":"branch","line":43,"loc":{"start":{"line":43,"column":37},"end":{"line":47,"column":13}},"locations":[{"start":{"line":43,"column":37},"end":{"line":47,"column":13}}]},"7":{"type":"branch","line":47,"loc":{"start":{"line":47,"column":12},"end":{"line":53,"column":9}},"locations":[{"start":{"line":47,"column":12},"end":{"line":53,"column":9}}]},"8":{"type":"branch","line":35,"loc":{"start":{"line":35,"column":42},"end":{"line":40,"column":11}},"locations":[{"start":{"line":35,"column":42},"end":{"line":40,"column":11}}]},"9":{"type":"branch","line":51,"loc":{"start":{"line":51,"column":15},"end":{"line":53,"column":9}},"locations":[{"start":{"line":51,"column":15},"end":{"line":53,"column":9}}]},"10":{"type":"branch","line":73,"loc":{"start":{"line":73,"column":26},"end":{"line":80,"column":18}},"locations":[{"start":{"line":73,"column":26},"end":{"line":80,"column":18}}]},"11":{"type":"branch","line":74,"loc":{"start":{"line":74,"column":33},"end":{"line":74,"column":53}},"locations":[{"start":{"line":74,"column":33},"end":{"line":74,"column":53}}]},"12":{"type":"branch","line":74,"loc":{"start":{"line":74,"column":53},"end":{"line":76,"column":21}},"locations":[{"start":{"line":74,"column":53},"end":{"line":76,"column":21}}]},"13":{"type":"branch","line":82,"loc":{"start":{"line":82,"column":25},"end":{"line":82,"column":53}},"locations":[{"start":{"line":82,"column":25},"end":{"line":82,"column":53}}]}},"b":{"0":[11],"1":[3],"2":[1],"3":[35],"4":[35],"5":[6],"6":[2],"7":[4],"8":[1],"9":[4],"10":[2],"11":[0],"12":[0],"13":[2]},"fnMap":{"0":{"name":"Search","decl":{"start":{"line":20,"column":15},"end":{"line":98,"column":2}},"loc":{"start":{"line":20,"column":15},"end":{"line":98,"column":2}},"line":20},"1":{"name":"onSubmit","decl":{"start":{"line":58,"column":48},"end":{"line":65,"column":11}},"loc":{"start":{"line":58,"column":48},"end":{"line":65,"column":11}},"line":58},"2":{"name":"onChange","decl":{"start":{"line":73,"column":26},"end":{"line":80,"column":18}},"loc":{"start":{"line":73,"column":26},"end":{"line":80,"column":18}},"line":73},"3":{"name":"onBlur","decl":{"start":{"line":81,"column":24},"end":{"line":81,"column":76}},"loc":{"start":{"line":81,"column":24},"end":{"line":81,"column":76}},"line":81},"4":{"name":"onFocus","decl":{"start":{"line":82,"column":25},"end":{"line":82,"column":53}},"loc":{"start":{"line":82,"column":25},"end":{"line":82,"column":53}},"line":82}},"f":{"0":11,"1":0,"2":2,"3":0,"4":2}}
,"/Users/joaofiliperocha/Desktop/Trabalhos/MoviesWebsite/src/components/Search/SearchDropdown/SearchDropdown.tsx": {"path":"/Users/joaofiliperocha/Desktop/Trabalhos/MoviesWebsite/src/components/Search/SearchDropdown/SearchDropdown.tsx","all":false,"statementMap":{"1":{"start":{"line":2,"column":0},"end":{"line":2,"column":52}},"2":{"start":{"line":3,"column":0},"end":{"line":3,"column":31}},"3":{"start":{"line":4,"column":0},"end":{"line":4,"column":40}},"14":{"start":{"line":15,"column":0},"end":{"line":15,"column":62}},"16":{"start":{"line":17,"column":0},"end":{"line":17,"column":12}},"17":{"start":{"line":18,"column":0},"end":{"line":18,"column":41}},"18":{"start":{"line":19,"column":0},"end":{"line":19,"column":32}},"19":{"start":{"line":20,"column":0},"end":{"line":20,"column":31}},"20":{"start":{"line":21,"column":0},"end":{"line":21,"column":125}},"21":{"start":{"line":22,"column":0},"end":{"line":22,"column":40}},"22":{"start":{"line":23,"column":0},"end":{"line":23,"column":125}},"24":{"start":{"line":25,"column":0},"end":{"line":25,"column":60}},"25":{"start":{"line":26,"column":0},"end":{"line":26,"column":66}},"26":{"start":{"line":27,"column":0},"end":{"line":27,"column":60}},"27":{"start":{"line":28,"column":0},"end":{"line":28,"column":27}},"28":{"start":{"line":29,"column":0},"end":{"line":29,"column":21}},"29":{"start":{"line":30,"column":0},"end":{"line":30,"column":15}},"30":{"start":{"line":31,"column":0},"end":{"line":31,"column":13}},"32":{"start":{"line":33,"column":0},"end":{"line":33,"column":3}},"34":{"start":{"line":35,"column":0},"end":{"line":35,"column":30}}},"s":{"1":1,"2":1,"3":1,"14":1,"16":5,"17":5,"18":5,"19":10,"20":10,"21":10,"22":10,"24":10,"25":10,"26":10,"27":10,"28":10,"29":5,"30":5,"32":5,"34":1},"branchMap":{"0":{"type":"branch","line":15,"loc":{"start":{"line":15,"column":24},"end":{"line":33,"column":3}},"locations":[{"start":{"line":15,"column":24},"end":{"line":33,"column":3}}]},"1":{"type":"branch","line":19,"loc":{"start":{"line":19,"column":24},"end":{"line":29,"column":21}},"locations":[{"start":{"line":19,"column":24},"end":{"line":29,"column":21}}]},"2":{"type":"branch","line":22,"loc":{"start":{"line":22,"column":27},"end":{"line":23,"column":95}},"locations":[{"start":{"line":22,"column":27},"end":{"line":23,"column":95}}]},"3":{"type":"branch","line":23,"loc":{"start":{"line":23,"column":90},"end":{"line":23,"column":125}},"locations":[{"start":{"line":23,"column":90},"end":{"line":23,"column":125}}]}},"b":{"0":[5],"1":[10],"2":[7],"3":[3]},"fnMap":{"0":{"name":"SearchDropdown","decl":{"start":{"line":15,"column":24},"end":{"line":33,"column":3}},"loc":{"start":{"line":15,"column":24},"end":{"line":33,"column":3}},"line":15}},"f":{"0":5}}
,"/Users/joaofiliperocha/Desktop/Trabalhos/MoviesWebsite/src/pages/Home.tsx": {"path":"/Users/joaofiliperocha/Desktop/Trabalhos/MoviesWebsite/src/pages/Home.tsx","all":true,"statementMap":{"0":{"start":{"line":1,"column":0},"end":{"line":1,"column":67}},"1":{"start":{"line":2,"column":0},"end":{"line":2,"column":58}},"2":{"start":{"line":3,"column":0},"end":{"line":3,"column":57}},"4":{"start":{"line":5,"column":0},"end":{"line":5,"column":20}},"5":{"start":{"line":6,"column":0},"end":{"line":6,"column":58}},"10":{"start":{"line":11,"column":0},"end":{"line":11,"column":12}},"11":{"start":{"line":12,"column":0},"end":{"line":12,"column":35}},"12":{"start":{"line":13,"column":0},"end":{"line":13,"column":27}},"13":{"start":{"line":14,"column":0},"end":{"line":14,"column":52}},"15":{"start":{"line":16,"column":0},"end":{"line":16,"column":39}},"17":{"start":{"line":18,"column":0},"end":{"line":18,"column":51}},"18":{"start":{"line":19,"column":0},"end":{"line":19,"column":80}},"19":{"start":{"line":20,"column":0},"end":{"line":20,"column":35}},"20":{"start":{"line":21,"column":0},"end":{"line":21,"column":15}},"22":{"start":{"line":23,"column":0},"end":{"line":23,"column":1}},"24":{"start":{"line":25,"column":0},"end":{"line":25,"column":19}}},"s":{"0":0,"1":0,"2":0,"4":0,"5":0,"10":0,"11":0,"12":0,"13":0,"15":0,"17":0,"18":0,"19":0,"20":0,"22":0,"24":0},"branchMap":{"0":{"type":"branch","line":1,"loc":{"start":{"line":1,"column":655},"end":{"line":25,"column":19}},"locations":[{"start":{"line":1,"column":655},"end":{"line":25,"column":19}}]}},"b":{"0":[0]},"fnMap":{"0":{"name":"(empty-report)","decl":{"start":{"line":1,"column":655},"end":{"line":25,"column":19}},"loc":{"start":{"line":1,"column":655},"end":{"line":25,"column":19}},"line":1}},"f":{"0":0}}
,"/Users/joaofiliperocha/Desktop/Trabalhos/MoviesWebsite/src/services/mappers.tsx": {"path":"/Users/joaofiliperocha/Desktop/Trabalhos/MoviesWebsite/src/services/mappers.tsx","all":false,"statementMap":{"12":{"start":{"line":13,"column":0},"end":{"line":13,"column":50}},"13":{"start":{"line":14,"column":0},"end":{"line":14,"column":12}},"14":{"start":{"line":15,"column":0},"end":{"line":15,"column":20}},"15":{"start":{"line":16,"column":0},"end":{"line":16,"column":26}},"16":{"start":{"line":17,"column":0},"end":{"line":17,"column":38}},"17":{"start":{"line":18,"column":0},"end":{"line":18,"column":34}},"18":{"start":{"line":19,"column":0},"end":{"line":19,"column":79}},"19":{"start":{"line":20,"column":0},"end":{"line":20,"column":36}},"20":{"start":{"line":21,"column":0},"end":{"line":21,"column":31}},"21":{"start":{"line":22,"column":0},"end":{"line":22,"column":6}},"22":{"start":{"line":23,"column":0},"end":{"line":23,"column":1}},"24":{"start":{"line":25,"column":0},"end":{"line":25,"column":55}},"25":{"start":{"line":26,"column":0},"end":{"line":26,"column":36}},"27":{"start":{"line":28,"column":0},"end":{"line":28,"column":67}},"28":{"start":{"line":29,"column":0},"end":{"line":29,"column":76}},"29":{"start":{"line":30,"column":0},"end":{"line":30,"column":18}},"30":{"start":{"line":31,"column":0},"end":{"line":31,"column":1}}},"s":{"12":1,"13":1,"14":1,"15":1,"16":1,"17":1,"18":1,"19":1,"20":1,"21":1,"22":1,"24":1,"25":1,"27":1,"28":1,"29":1,"30":1},"branchMap":{"0":{"type":"branch","line":13,"loc":{"start":{"line":13,"column":7},"end":{"line":23,"column":1}},"locations":[{"start":{"line":13,"column":7},"end":{"line":23,"column":1}}]},"1":{"type":"branch","line":19,"loc":{"start":{"line":19,"column":27},"end":{"line":19,"column":76}},"locations":[{"start":{"line":19,"column":27},"end":{"line":19,"column":76}}]},"2":{"type":"branch","line":25,"loc":{"start":{"line":25,"column":7},"end":{"line":31,"column":1}},"locations":[{"start":{"line":25,"column":7},"end":{"line":31,"column":1}}]},"3":{"type":"branch","line":26,"loc":{"start":{"line":26,"column":26},"end":{"line":26,"column":36}},"locations":[{"start":{"line":26,"column":26},"end":{"line":26,"column":36}}]},"4":{"type":"branch","line":28,"loc":{"start":{"line":28,"column":36},"end":{"line":28,"column":65}},"locations":[{"start":{"line":28,"column":36},"end":{"line":28,"column":65}}]}},"b":{"0":[1],"1":[0],"2":[1],"3":[0],"4":[1]},"fnMap":{"0":{"name":"mapTMDBMovie","decl":{"start":{"line":13,"column":7},"end":{"line":23,"column":1}},"loc":{"start":{"line":13,"column":7},"end":{"line":23,"column":1}},"line":13},"1":{"name":"mapTMDBMovies","decl":{"start":{"line":25,"column":7},"end":{"line":31,"column":1}},"loc":{"start":{"line":25,"column":7},"end":{"line":31,"column":1}},"line":25}},"f":{"0":1,"1":1}}
,"/Users/joaofiliperocha/Desktop/Trabalhos/MoviesWebsite/src/services/tmdbAPI.tsx": {"path":"/Users/joaofiliperocha/Desktop/Trabalhos/MoviesWebsite/src/services/tmdbAPI.tsx","all":false,"statementMap":{"0":{"start":{"line":1,"column":0},"end":{"line":1,"column":26}},"2":{"start":{"line":3,"column":0},"end":{"line":3,"column":62}},"5":{"start":{"line":6,"column":0},"end":{"line":6,"column":47}},"6":{"start":{"line":7,"column":0},"end":{"line":7,"column":9}},"7":{"start":{"line":8,"column":0},"end":{"line":8,"column":46}},"8":{"start":{"line":9,"column":0},"end":{"line":9,"column":26}},"9":{"start":{"line":10,"column":0},"end":{"line":10,"column":62}},"10":{"start":{"line":11,"column":0},"end":{"line":11,"column":53}},"11":{"start":{"line":12,"column":0},"end":{"line":12,"column":22}},"12":{"start":{"line":13,"column":0},"end":{"line":13,"column":43}},"13":{"start":{"line":14,"column":0},"end":{"line":14,"column":38}},"14":{"start":{"line":15,"column":0},"end":{"line":15,"column":13}},"15":{"start":{"line":16,"column":0},"end":{"line":16,"column":11}},"16":{"start":{"line":17,"column":0},"end":{"line":17,"column":37}},"17":{"start":{"line":18,"column":0},"end":{"line":18,"column":5}},"18":{"start":{"line":19,"column":0},"end":{"line":19,"column":19}},"19":{"start":{"line":20,"column":0},"end":{"line":20,"column":63}},"20":{"start":{"line":21,"column":0},"end":{"line":21,"column":5}},"21":{"start":{"line":22,"column":0},"end":{"line":22,"column":1}},"23":{"start":{"line":24,"column":0},"end":{"line":24,"column":51}},"24":{"start":{"line":25,"column":0},"end":{"line":25,"column":9}},"25":{"start":{"line":26,"column":0},"end":{"line":26,"column":46}},"26":{"start":{"line":27,"column":0},"end":{"line":27,"column":26}},"27":{"start":{"line":28,"column":0},"end":{"line":28,"column":61}},"28":{"start":{"line":29,"column":0},"end":{"line":29,"column":90}},"29":{"start":{"line":30,"column":0},"end":{"line":30,"column":22}},"30":{"start":{"line":31,"column":0},"end":{"line":31,"column":43}},"31":{"start":{"line":32,"column":0},"end":{"line":32,"column":38}},"32":{"start":{"line":33,"column":0},"end":{"line":33,"column":13}},"33":{"start":{"line":34,"column":0},"end":{"line":34,"column":11}},"34":{"start":{"line":35,"column":0},"end":{"line":35,"column":37}},"35":{"start":{"line":36,"column":0},"end":{"line":36,"column":5}},"36":{"start":{"line":37,"column":0},"end":{"line":37,"column":19}},"37":{"start":{"line":38,"column":0},"end":{"line":38,"column":63}},"38":{"start":{"line":39,"column":0},"end":{"line":39,"column":5}},"39":{"start":{"line":40,"column":0},"end":{"line":40,"column":1}},"42":{"start":{"line":43,"column":0},"end":{"line":43,"column":55}},"43":{"start":{"line":44,"column":0},"end":{"line":44,"column":9}},"44":{"start":{"line":45,"column":0},"end":{"line":45,"column":46}},"45":{"start":{"line":46,"column":0},"end":{"line":46,"column":26}},"46":{"start":{"line":47,"column":0},"end":{"line":47,"column":67}},"47":{"start":{"line":48,"column":0},"end":{"line":48,"column":53}},"48":{"start":{"line":49,"column":0},"end":{"line":49,"column":22}},"49":{"start":{"line":50,"column":0},"end":{"line":50,"column":43}},"50":{"start":{"line":51,"column":0},"end":{"line":51,"column":38}},"51":{"start":{"line":52,"column":0},"end":{"line":52,"column":13}},"52":{"start":{"line":53,"column":0},"end":{"line":53,"column":11}},"54":{"start":{"line":55,"column":0},"end":{"line":55,"column":28}},"55":{"start":{"line":56,"column":0},"end":{"line":56,"column":5}},"56":{"start":{"line":57,"column":0},"end":{"line":57,"column":17}},"57":{"start":{"line":58,"column":0},"end":{"line":58,"column":53}},"58":{"start":{"line":59,"column":0},"end":{"line":59,"column":5}},"59":{"start":{"line":60,"column":0},"end":{"line":60,"column":1}},"61":{"start":{"line":62,"column":0},"end":{"line":62,"column":52}},"62":{"start":{"line":63,"column":0},"end":{"line":63,"column":8}},"63":{"start":{"line":64,"column":0},"end":{"line":64,"column":52}},"64":{"start":{"line":65,"column":0},"end":{"line":65,"column":47}},"65":{"start":{"line":66,"column":0},"end":{"line":66,"column":5}},"66":{"start":{"line":67,"column":0},"end":{"line":67,"column":15}},"67":{"start":{"line":68,"column":0},"end":{"line":68,"column":55}},"68":{"start":{"line":69,"column":0},"end":{"line":69,"column":5}},"69":{"start":{"line":70,"column":0},"end":{"line":70,"column":1}}},"s":{"0":1,"2":1,"5":1,"6":0,"7":0,"8":0,"9":0,"10":0,"11":0,"12":0,"13":0,"14":0,"15":0,"16":0,"17":0,"18":0,"19":0,"20":0,"21":0,"23":1,"24":1,"25":1,"26":1,"27":1,"28":1,"29":1,"30":1,"31":1,"32":1,"33":1,"34":1,"35":1,"36":0,"37":0,"38":0,"39":1,"42":1,"43":0,"44":0,"45":0,"46":0,"47":0,"48":0,"49":0,"50":0,"51":0,"52":0,"54":0,"55":0,"56":0,"57":0,"58":0,"59":0,"61":1,"62":0,"63":0,"64":0,"65":0,"66":0,"67":0,"68":0,"69":0},"branchMap":{"0":{"type":"branch","line":24,"loc":{"start":{"line":24,"column":26},"end":{"line":40,"column":1}},"locations":[{"start":{"line":24,"column":26},"end":{"line":40,"column":1}}]},"1":{"type":"branch","line":36,"loc":{"start":{"line":36,"column":4},"end":{"line":39,"column":5}},"locations":[{"start":{"line":36,"column":4},"end":{"line":39,"column":5}}]}},"b":{"0":[1],"1":[0]},"fnMap":{"0":{"name":"fetchPopularMovies","decl":{"start":{"line":6,"column":34},"end":{"line":22,"column":1}},"loc":{"start":{"line":6,"column":34},"end":{"line":22,"column":1}},"line":6},"1":{"name":"fetchMovie","decl":{"start":{"line":24,"column":26},"end":{"line":40,"column":1}},"loc":{"start":{"line":24,"column":26},"end":{"line":40,"column":1}},"line":24},"2":{"name":"fetchMovieImages","decl":{"start":{"line":43,"column":32},"end":{"line":60,"column":1}},"loc":{"start":{"line":43,"column":32},"end":{"line":60,"column":1}},"line":43},"3":{"name":"fetchBackDrop","decl":{"start":{"line":62,"column":29},"end":{"line":70,"column":1}},"loc":{"start":{"line":62,"column":29},"end":{"line":70,"column":1}},"line":62}},"f":{"0":0,"1":1,"2":0,"3":0}}
,"/Users/joaofiliperocha/Desktop/Trabalhos/MoviesWebsite/src/store/useSearchStore.tsx": {"path":"/Users/joaofiliperocha/Desktop/Trabalhos/MoviesWebsite/src/store/useSearchStore.tsx","all":false,"statementMap":{"0":{"start":{"line":1,"column":0},"end":{"line":1,"column":33}},"7":{"start":{"line":8,"column":0},"end":{"line":8,"column":61}},"8":{"start":{"line":9,"column":0},"end":{"line":9,"column":12}},"9":{"start":{"line":10,"column":0},"end":{"line":10,"column":45}},"10":{"start":{"line":11,"column":0},"end":{"line":11,"column":4}}},"s":{"0":1,"7":1,"8":1,"9":1,"10":1},"branchMap":{"0":{"type":"branch","line":8,"loc":{"start":{"line":8,"column":50},"end":{"line":11,"column":2}},"locations":[{"start":{"line":8,"column":50},"end":{"line":11,"column":2}}]},"1":{"type":"branch","line":10,"loc":{"start":{"line":10,"column":12},"end":{"line":10,"column":45}},"locations":[{"start":{"line":10,"column":12},"end":{"line":10,"column":45}}]}},"b":{"0":[1],"1":[2]},"fnMap":{"0":{"name":"setQuery","decl":{"start":{"line":10,"column":12},"end":{"line":10,"column":45}},"loc":{"start":{"line":10,"column":12},"end":{"line":10,"column":45}},"line":10}},"f":{"0":2}}
,"/Users/joaofiliperocha/Desktop/Trabalhos/MoviesWebsite/src/types/types.tsx": {"path":"/Users/joaofiliperocha/Desktop/Trabalhos/MoviesWebsite/src/types/types.tsx","all":true,"statementMap":{},"s":{},"branchMap":{"0":{"type":"branch","line":1,"loc":{"start":{"line":1,"column":177},"end":{"line":9,"column":1}},"locations":[{"start":{"line":1,"column":177},"end":{"line":9,"column":1}}]}},"b":{"0":[1]},"fnMap":{"0":{"name":"(empty-report)","decl":{"start":{"line":1,"column":177},"end":{"line":9,"column":1}},"loc":{"start":{"line":1,"column":177},"end":{"line":9,"column":1}},"line":1}},"f":{"0":1}}
,"/Users/joaofiliperocha/Desktop/Trabalhos/MoviesWebsite/src/util/tmdb.tsx": {"path":"/Users/joaofiliperocha/Desktop/Trabalhos/MoviesWebsite/src/util/tmdb.tsx","all":false,"statementMap":{"0":{"start":{"line":1,"column":0},"end":{"line":1,"column":72}},"1":{"start":{"line":2,"column":0},"end":{"line":2,"column":55}},"2":{"start":{"line":3,"column":0},"end":{"line":3,"column":2}},"4":{"start":{"line":5,"column":0},"end":{"line":5,"column":51}},"5":{"start":{"line":6,"column":0},"end":{"line":6,"column":20}},"6":{"start":{"line":7,"column":0},"end":{"line":7,"column":19}},"7":{"start":{"line":8,"column":0},"end":{"line":8,"column":34}},"8":{"start":{"line":9,"column":0},"end":{"line":9,"column":22}},"9":{"start":{"line":10,"column":0},"end":{"line":10,"column":26}},"10":{"start":{"line":11,"column":0},"end":{"line":11,"column":22}},"11":{"start":{"line":12,"column":0},"end":{"line":12,"column":9}},"12":{"start":{"line":13,"column":0},"end":{"line":13,"column":14}},"13":{"start":{"line":14,"column":0},"end":{"line":14,"column":26}},"14":{"start":{"line":15,"column":0},"end":{"line":15,"column":9}},"15":{"start":{"line":16,"column":0},"end":{"line":16,"column":5}},"16":{"start":{"line":17,"column":0},"end":{"line":17,"column":18}},"17":{"start":{"line":18,"column":0},"end":{"line":18,"column":2}}},"s":{"0":1,"1":1,"2":1,"4":1,"5":0,"6":0,"7":0,"8":0,"9":0,"10":0,"11":0,"12":0,"13":0,"14":0,"15":0,"16":0,"17":0},"branchMap":{"0":{"type":"branch","line":1,"loc":{"start":{"line":1,"column":31},"end":{"line":3,"column":2}},"locations":[{"start":{"line":1,"column":31},"end":{"line":3,"column":2}}]}},"b":{"0":[1]},"fnMap":{"0":{"name":"getTMDBImageUrl","decl":{"start":{"line":1,"column":31},"end":{"line":3,"column":2}},"loc":{"start":{"line":1,"column":31},"end":{"line":3,"column":2}},"line":1},"1":{"name":"getStarsRating","decl":{"start":{"line":5,"column":30},"end":{"line":18,"column":2}},"loc":{"start":{"line":5,"column":30},"end":{"line":18,"column":2}},"line":5}},"f":{"0":1,"1":0}}
}
